[2025-02-08T09:34:21.481+0000][76][info][gc,init] CardTable entry size: 512
[2025-02-08T09:34:21.482+0000][76][info][gc     ] Using G1
[2025-02-08T09:34:21.534+0000][76][info][gc,init] Version: 23+37-2369 (release)
[2025-02-08T09:34:21.535+0000][76][info][gc,init] CPUs: 16 total, 16 available
[2025-02-08T09:34:21.535+0000][76][info][gc,init] Memory: 15866M
[2025-02-08T09:34:21.535+0000][76][info][gc,init] Large Page Support: Disabled
[2025-02-08T09:34:21.535+0000][76][info][gc,init] NUMA Support: Disabled
[2025-02-08T09:34:21.536+0000][76][info][gc,init] Compressed Oops: Enabled (Zero based)
[2025-02-08T09:34:21.536+0000][76][info][gc,init] Heap Region Size: 8M
[2025-02-08T09:34:21.537+0000][76][info][gc,init] Heap Min Capacity: 512M
[2025-02-08T09:34:21.537+0000][76][info][gc,init] Heap Initial Capacity: 512M
[2025-02-08T09:34:21.537+0000][76][info][gc,init] Heap Max Capacity: 15G
[2025-02-08T09:34:21.538+0000][76][info][gc,init] Pre-touch: Enabled
[2025-02-08T09:34:21.538+0000][76][info][gc,init] Parallel Workers: 13
[2025-02-08T09:34:21.538+0000][76][info][gc,init] Concurrent Workers: 3
[2025-02-08T09:34:21.538+0000][76][info][gc,init] Concurrent Refinement Workers: 13
[2025-02-08T09:34:21.538+0000][76][info][gc,init] Periodic GC: Disabled
[2025-02-08T09:34:21.548+0000][76][info][gc,metaspace] CDS archive(s) mapped at: [0x00007fd6c6000000-0x00007fd6c6d8e000-0x00007fd6c6d8e000), size 14213120, SharedBaseAddress: 0x00007fd6c6000000, ArchiveRelocationMode: 1.
[2025-02-08T09:34:21.549+0000][76][info][gc,metaspace] Compressed class space mapped at: 0x00007fd6c7000000-0x00007fd707000000, reserved size: 1073741824
[2025-02-08T09:34:21.549+0000][76][info][gc,metaspace] Narrow klass base: 0x00007fd6c6000000, Narrow klass shift: 0, Narrow klass range: 0x100000000
[2025-02-08T09:34:21.866+0000][76][info][gc,start    ] GC(0) Pause Young (Normal) (G1 Evacuation Pause)
[2025-02-08T09:34:21.868+0000][76][info][gc,task     ] GC(0) Using 12 workers of 13 for evacuation
[2025-02-08T09:34:21.868+0000][76][debug][gc,age      ] GC(0) Desired survivor size 4194304 bytes, new threshold 15 (max threshold 15)
[2025-02-08T09:34:21.872+0000][76][info ][gc,phases   ] GC(0)   Pre Evacuate Collection Set: 0.29ms
[2025-02-08T09:34:21.872+0000][76][info ][gc,phases   ] GC(0)   Merge Heap Roots: 0.37ms
[2025-02-08T09:34:21.872+0000][76][info ][gc,phases   ] GC(0)   Evacuate Collection Set: 1.01ms
[2025-02-08T09:34:21.872+0000][76][info ][gc,phases   ] GC(0)   Post Evacuate Collection Set: 1.51ms
[2025-02-08T09:34:21.872+0000][76][info ][gc,phases   ] GC(0)   Other: 0.84ms
[2025-02-08T09:34:21.872+0000][76][trace][gc,age      ] GC(0) Age table:
[2025-02-08T09:34:21.873+0000][76][trace][gc,age      ] GC(0) - age   1:     798096 bytes,     798096 total
[2025-02-08T09:34:21.873+0000][76][info ][gc,heap     ] GC(0) Eden regions: 3->0(3)
[2025-02-08T09:34:21.873+0000][76][info ][gc,heap     ] GC(0) Survivor regions: 0->1(1)
[2025-02-08T09:34:21.873+0000][76][info ][gc,heap     ] GC(0) Old regions: 1->1
[2025-02-08T09:34:21.873+0000][76][info ][gc,heap     ] GC(0) Humongous regions: 0->0
[2025-02-08T09:34:21.874+0000][76][info ][gc,metaspace] GC(0) Metaspace: 876K(1024K)->876K(1024K) NonClass: 820K(896K)->820K(896K) Class: 56K(128K)->56K(128K)
[2025-02-08T09:34:21.874+0000][76][info ][gc          ] GC(0) Pause Young (Normal) (G1 Evacuation Pause) 25M->2M(520M) 7.806ms
[2025-02-08T09:34:21.874+0000][76][info ][gc,cpu      ] GC(0) User=0.05s Sys=0.01s Real=0.01s
[2025-02-08T09:34:21.875+0000][76][info ][safepoint   ] Safepoint "G1CollectForAllocation", Time since last: 312353343 ns, Reaching safepoint: 11249 ns, At safepoint: 8726775 ns, Total: 8738024 ns
[2025-02-08T09:34:22.310+0000][76][info ][gc,start    ] GC(1) Pause Young (Normal) (G1 Evacuation Pause)
[2025-02-08T09:34:22.311+0000][76][info ][gc,task     ] GC(1) Using 12 workers of 13 for evacuation
[2025-02-08T09:34:22.311+0000][76][debug][gc,age      ] GC(1) Desired survivor size 4194304 bytes, new threshold 15 (max threshold 15)
[2025-02-08T09:34:22.315+0000][76][info ][gc,phases   ] GC(1)   Pre Evacuate Collection Set: 0.36ms
[2025-02-08T09:34:22.315+0000][76][info ][gc,phases   ] GC(1)   Merge Heap Roots: 0.24ms
[2025-02-08T09:34:22.315+0000][76][info ][gc,phases   ] GC(1)   Evacuate Collection Set: 2.61ms
[2025-02-08T09:34:22.315+0000][76][info ][gc,phases   ] GC(1)   Post Evacuate Collection Set: 0.75ms
[2025-02-08T09:34:22.316+0000][76][info ][gc,phases   ] GC(1)   Other: 0.35ms
[2025-02-08T09:34:22.316+0000][76][trace][gc,age      ] GC(1) Age table:
[2025-02-08T09:34:22.316+0000][76][trace][gc,age      ] GC(1) - age   1:    3776664 bytes,    3776664 total
[2025-02-08T09:34:22.316+0000][76][trace][gc,age      ] GC(1) - age   2:     767088 bytes,    4543752 total
[2025-02-08T09:34:22.316+0000][76][info ][gc,heap     ] GC(1) Eden regions: 3->0(6)
[2025-02-08T09:34:22.316+0000][76][info ][gc,heap     ] GC(1) Survivor regions: 1->1(1)
[2025-02-08T09:34:22.316+0000][76][info ][gc,heap     ] GC(1) Old regions: 1->1
[2025-02-08T09:34:22.317+0000][76][info ][gc,heap     ] GC(1) Humongous regions: 0->0
[2025-02-08T09:34:22.317+0000][76][info ][gc,metaspace] GC(1) Metaspace: 7250K(7488K)->7250K(7488K) NonClass: 6395K(6528K)->6395K(6528K) Class: 854K(960K)->854K(960K)
[2025-02-08T09:34:22.317+0000][76][info ][gc          ] GC(1) Pause Young (Normal) (G1 Evacuation Pause) 26M->5M(520M) 6.493ms
[2025-02-08T09:34:22.317+0000][76][info ][gc,cpu      ] GC(1) User=0.02s Sys=0.00s Real=0.00s
[2025-02-08T09:34:22.317+0000][76][info ][safepoint   ] Safepoint "G1CollectForAllocation", Time since last: 435632302 ns, Reaching safepoint: 2596 ns, At safepoint: 6854910 ns, Total: 6857506 ns
[2025-02-08T09:34:23.084+0000][76][info ][gc,start    ] GC(2) Pause Young (Normal) (G1 Evacuation Pause)
[2025-02-08T09:34:23.084+0000][76][info ][gc,task     ] GC(2) Using 12 workers of 13 for evacuation
[2025-02-08T09:34:23.085+0000][76][debug][gc,age      ] GC(2) Desired survivor size 4194304 bytes, new threshold 2 (max threshold 15)
[2025-02-08T09:34:23.090+0000][76][info ][gc,phases   ] GC(2)   Pre Evacuate Collection Set: 0.30ms
[2025-02-08T09:34:23.091+0000][76][info ][gc,phases   ] GC(2)   Merge Heap Roots: 0.17ms
[2025-02-08T09:34:23.091+0000][76][info ][gc,phases   ] GC(2)   Evacuate Collection Set: 4.07ms
[2025-02-08T09:34:23.092+0000][76][info ][gc,phases   ] GC(2)   Post Evacuate Collection Set: 0.94ms
[2025-02-08T09:34:23.092+0000][76][info ][gc,phases   ] GC(2)   Other: 0.45ms
[2025-02-08T09:34:23.092+0000][76][trace][gc,age      ] GC(2) Age table:
[2025-02-08T09:34:23.093+0000][76][trace][gc,age      ] GC(2) - age   1:    4750984 bytes,    4750984 total
[2025-02-08T09:34:23.093+0000][76][trace][gc,age      ] GC(2) - age   2:    3570752 bytes,    8321736 total
[2025-02-08T09:34:23.093+0000][76][info ][gc,heap     ] GC(2) Eden regions: 6->0(8)
[2025-02-08T09:34:23.093+0000][76][info ][gc,heap     ] GC(2) Survivor regions: 1->1(1)
[2025-02-08T09:34:23.094+0000][76][info ][gc,heap     ] GC(2) Old regions: 1->2
[2025-02-08T09:34:23.094+0000][76][info ][gc,heap     ] GC(2) Humongous regions: 0->0
[2025-02-08T09:34:23.094+0000][76][info ][gc,metaspace] GC(2) Metaspace: 13090K(13696K)->13090K(13696K) NonClass: 11465K(11776K)->11465K(11776K) Class: 1624K(1920K)->1624K(1920K)
[2025-02-08T09:34:23.095+0000][76][info ][gc          ] GC(2) Pause Young (Normal) (G1 Evacuation Pause) 53M->11M(520M) 10.400ms
[2025-02-08T09:34:23.095+0000][76][info ][gc,cpu      ] GC(2) User=0.07s Sys=0.00s Real=0.01s
[2025-02-08T09:34:23.095+0000][76][info ][safepoint   ] Safepoint "G1CollectForAllocation", Time since last: 766807210 ns, Reaching safepoint: 4034 ns, At safepoint: 11123420 ns, Total: 11127454 ns
[2025-02-08T09:34:23.943+0000][76][info ][gc,start    ] GC(3) Pause Young (Normal) (G1 Evacuation Pause)
[2025-02-08T09:34:23.943+0000][76][info ][gc,task     ] GC(3) Using 12 workers of 13 for evacuation
[2025-02-08T09:34:23.943+0000][76][debug][gc,age      ] GC(3) Desired survivor size 8388608 bytes, new threshold 15 (max threshold 15)
[2025-02-08T09:34:23.949+0000][76][info ][gc,phases   ] GC(3)   Pre Evacuate Collection Set: 0.33ms
[2025-02-08T09:34:23.949+0000][76][info ][gc,phases   ] GC(3)   Merge Heap Roots: 0.23ms
[2025-02-08T09:34:23.949+0000][76][info ][gc,phases   ] GC(3)   Evacuate Collection Set: 3.77ms
[2025-02-08T09:34:23.950+0000][76][info ][gc,phases   ] GC(3)   Post Evacuate Collection Set: 0.78ms
[2025-02-08T09:34:23.950+0000][76][info ][gc,phases   ] GC(3)   Other: 0.54ms
[2025-02-08T09:34:23.950+0000][76][trace][gc,age      ] GC(3) Age table:
[2025-02-08T09:34:23.950+0000][76][trace][gc,age      ] GC(3) - age   1:    1842304 bytes,    1842304 total
[2025-02-08T09:34:23.950+0000][76][trace][gc,age      ] GC(3) - age   2:    4699768 bytes,    6542072 total
[2025-02-08T09:34:23.950+0000][76][trace][gc,age      ] GC(3) - age   3:    3568848 bytes,   10110920 total
[2025-02-08T09:34:23.951+0000][76][info ][gc,heap     ] GC(3) Eden regions: 8->0(10)
[2025-02-08T09:34:23.951+0000][76][info ][gc,heap     ] GC(3) Survivor regions: 1->2(2)
[2025-02-08T09:34:23.951+0000][76][info ][gc,heap     ] GC(3) Old regions: 2->2
[2025-02-08T09:34:23.951+0000][76][info ][gc,heap     ] GC(3) Humongous regions: 0->0
[2025-02-08T09:34:23.951+0000][76][info ][gc,metaspace] GC(3) Metaspace: 18356K(19200K)->18356K(19200K) NonClass: 16313K(16832K)->16313K(16832K) Class: 2043K(2368K)->2043K(2368K)
[2025-02-08T09:34:23.952+0000][76][info ][gc          ] GC(3) Pause Young (Normal) (G1 Evacuation Pause) 75M->14M(520M) 8.732ms
[2025-02-08T09:34:23.952+0000][76][info ][gc,cpu      ] GC(3) User=0.05s Sys=0.01s Real=0.01s
[2025-02-08T09:34:23.952+0000][76][info ][safepoint   ] Safepoint "G1CollectForAllocation", Time since last: 847507522 ns, Reaching safepoint: 4245 ns, At safepoint: 9185395 ns, Total: 9189640 ns
[2025-02-08T09:34:24.226+0000][76][info ][gc,start    ] GC(4) Pause Young (Concurrent Start) (Metadata GC Threshold)
[2025-02-08T09:34:24.226+0000][76][info ][gc,task     ] GC(4) Using 12 workers of 13 for evacuation
[2025-02-08T09:34:24.226+0000][76][debug][gc,age      ] GC(4) Desired survivor size 8388608 bytes, new threshold 3 (max threshold 15)
[2025-02-08T09:34:24.234+0000][76][info ][gc,phases   ] GC(4)   Pre Evacuate Collection Set: 1.04ms
[2025-02-08T09:34:24.234+0000][76][info ][gc,phases   ] GC(4)   Merge Heap Roots: 0.22ms
[2025-02-08T09:34:24.234+0000][76][info ][gc,phases   ] GC(4)   Evacuate Collection Set: 4.11ms
[2025-02-08T09:34:24.234+0000][76][info ][gc,phases   ] GC(4)   Post Evacuate Collection Set: 1.55ms
[2025-02-08T09:34:24.235+0000][76][info ][gc,phases   ] GC(4)   Other: 0.74ms
[2025-02-08T09:34:24.235+0000][76][trace][gc,age      ] GC(4) Age table:
[2025-02-08T09:34:24.235+0000][76][trace][gc,age      ] GC(4) - age   1:    1287120 bytes,    1287120 total
[2025-02-08T09:34:24.235+0000][76][trace][gc,age      ] GC(4) - age   2:    1764736 bytes,    3051856 total
[2025-02-08T09:34:24.235+0000][76][trace][gc,age      ] GC(4) - age   3:    4696672 bytes,    7748528 total
[2025-02-08T09:34:24.235+0000][76][info ][gc,heap     ] GC(4) Eden regions: 2->0(16)
[2025-02-08T09:34:24.236+0000][76][info ][gc,heap     ] GC(4) Survivor regions: 2->2(2)
[2025-02-08T09:34:24.236+0000][76][info ][gc,heap     ] GC(4) Old regions: 2->2
[2025-02-08T09:34:24.236+0000][76][info ][gc,heap     ] GC(4) Humongous regions: 0->0
[2025-02-08T09:34:24.236+0000][76][info ][gc,metaspace] GC(4) Metaspace: 20680K(21504K)->20680K(21504K) NonClass: 18362K(18816K)->18362K(18816K) Class: 2317K(2688K)->2317K(2688K)
[2025-02-08T09:34:24.236+0000][76][info ][gc          ] GC(4) Pause Young (Concurrent Start) (Metadata GC Threshold) 29M->15M(520M) 10.434ms
[2025-02-08T09:34:24.236+0000][76][info ][gc,cpu      ] GC(4) User=0.04s Sys=0.02s Real=0.01s
[2025-02-08T09:34:24.236+0000][76][info ][gc          ] GC(5) Concurrent Mark Cycle
[2025-02-08T09:34:24.237+0000][76][info ][safepoint   ] Safepoint "CollectForMetadataAllocation", Time since last: 267325285 ns, Reaching safepoint: 6499703 ns, At safepoint: 11069025 ns, Total: 17568728 ns
[2025-02-08T09:34:24.242+0000][76][info ][gc,marking  ] GC(5) Concurrent Scan Root Regions
[2025-02-08T09:34:24.302+0000][76][info ][gc,marking  ] GC(5) Concurrent Scan Root Regions 60.080ms
[2025-02-08T09:34:24.303+0000][76][info ][gc,marking  ] GC(5) Concurrent Mark
[2025-02-08T09:34:24.304+0000][76][info ][gc,marking  ] GC(5) Concurrent Mark From Roots
[2025-02-08T09:34:24.304+0000][76][info ][gc,task     ] GC(5) Using 3 workers of 3 for marking
[2025-02-08T09:34:24.310+0000][76][info ][gc,marking  ] GC(5) Concurrent Mark From Roots 6.418ms
[2025-02-08T09:34:24.318+0000][76][info ][gc,marking  ] GC(5) Concurrent Preclean
[2025-02-08T09:34:24.311+0000][76][info ][safepoint   ] Safepoint "CollectForMetadataAllocation", Time since last: 73951214 ns, Reaching safepoint: 4016 ns, At safepoint: 41859 ns, Total: 45875 ns
[2025-02-08T09:34:24.327+0000][76][info ][gc,marking  ] GC(5) Concurrent Preclean 9.306ms
[2025-02-08T09:34:24.345+0000][76][info ][gc,start    ] GC(5) Pause Remark
[2025-02-08T09:34:24.349+0000][76][info ][gc          ] GC(5) Pause Remark 17M->17M(512M) 3.692ms
[2025-02-08T09:34:24.367+0000][76][info ][gc,cpu      ] GC(5) User=0.01s Sys=0.00s Real=0.02s
[2025-02-08T09:34:24.371+0000][76][info ][safepoint   ] Safepoint "G1PauseRemark", Time since last: 26664271 ns, Reaching safepoint: 7609026 ns, At safepoint: 25660002 ns, Total: 33269028 ns
[2025-02-08T09:34:24.378+0000][76][info ][gc,marking  ] GC(5) Concurrent Mark 74.009ms
[2025-02-08T09:34:24.385+0000][76][info ][gc,marking  ] GC(5) Concurrent Rebuild Remembered Sets and Scrub Regions
[2025-02-08T09:34:24.392+0000][76][info ][gc,marking  ] GC(5) Concurrent Rebuild Remembered Sets and Scrub Regions 6.831ms
[2025-02-08T09:34:24.392+0000][76][info ][gc,start    ] GC(5) Pause Cleanup
[2025-02-08T09:34:24.393+0000][76][info ][gc          ] GC(5) Pause Cleanup 18M->18M(512M) 0.325ms
[2025-02-08T09:34:24.393+0000][76][info ][gc,cpu      ] GC(5) User=0.00s Sys=0.00s Real=0.00s
[2025-02-08T09:34:24.393+0000][76][info ][safepoint   ] Safepoint "G1PauseCleanup", Time since last: 21322011 ns, Reaching safepoint: 102410 ns, At safepoint: 1242775 ns, Total: 1345185 ns
[2025-02-08T09:34:24.394+0000][76][info ][gc,marking  ] GC(5) Concurrent Clear Claimed Marks
[2025-02-08T09:34:24.394+0000][76][info ][gc,marking  ] GC(5) Concurrent Clear Claimed Marks 0.260ms
[2025-02-08T09:34:24.394+0000][76][info ][gc,marking  ] GC(5) Concurrent Cleanup for Next Mark
[2025-02-08T09:34:24.395+0000][76][info ][gc,marking  ] GC(5) Concurrent Cleanup for Next Mark 1.059ms
[2025-02-08T09:34:24.395+0000][76][info ][gc          ] GC(5) Concurrent Mark Cycle 158.966ms
[2025-02-08T09:34:25.053+0000][76][info ][gc,start    ] GC(6) Pause Young (Prepare Mixed) (G1 Evacuation Pause)
[2025-02-08T09:34:25.053+0000][76][info ][gc,task     ] GC(6) Using 12 workers of 13 for evacuation
[2025-02-08T09:34:25.053+0000][76][debug][gc,age      ] GC(6) Desired survivor size 12582912 bytes, new threshold 15 (max threshold 15)
[2025-02-08T09:34:25.058+0000][76][info ][gc,phases   ] GC(6)   Pre Evacuate Collection Set: 0.21ms
[2025-02-08T09:34:25.059+0000][76][info ][gc,phases   ] GC(6)   Merge Heap Roots: 0.15ms
[2025-02-08T09:34:25.059+0000][76][info ][gc,phases   ] GC(6)   Evacuate Collection Set: 3.93ms
[2025-02-08T09:34:25.059+0000][76][info ][gc,phases   ] GC(6)   Post Evacuate Collection Set: 0.68ms
[2025-02-08T09:34:25.059+0000][76][info ][gc,phases   ] GC(6)   Other: 0.27ms
[2025-02-08T09:34:25.059+0000][76][trace][gc,age      ] GC(6) Age table:
[2025-02-08T09:34:25.059+0000][76][trace][gc,age      ] GC(6) - age   1:    3277288 bytes,    3277288 total
[2025-02-08T09:34:25.059+0000][76][trace][gc,age      ] GC(6) - age   2:     472312 bytes,    3749600 total
[2025-02-08T09:34:25.059+0000][76][trace][gc,age      ] GC(6) - age   3:    1750664 bytes,    5500264 total
[2025-02-08T09:34:25.059+0000][76][trace][gc,age      ] GC(6) - age   4:    4689656 bytes,   10189920 total
[2025-02-08T09:34:25.059+0000][76][info ][gc,heap     ] GC(6) Eden regions: 15->0(18)
[2025-02-08T09:34:25.059+0000][76][info ][gc,heap     ] GC(6) Survivor regions: 2->2(3)
[2025-02-08T09:34:25.060+0000][76][info ][gc,heap     ] GC(6) Old regions: 2->2
[2025-02-08T09:34:25.060+0000][76][info ][gc,heap     ] GC(6) Humongous regions: 0->0
[2025-02-08T09:34:25.060+0000][76][info ][gc,metaspace] GC(6) Metaspace: 23437K(24320K)->23437K(24320K) NonClass: 20782K(21312K)->20782K(21312K) Class: 2654K(3008K)->2654K(3008K)
[2025-02-08T09:34:25.060+0000][76][info ][gc          ] GC(6) Pause Young (Prepare Mixed) (G1 Evacuation Pause) 135M->18M(512M) 7.123ms
[2025-02-08T09:34:25.060+0000][76][info ][gc,cpu      ] GC(6) User=0.01s Sys=0.02s Real=0.01s
[2025-02-08T09:34:25.060+0000][76][info ][safepoint   ] Safepoint "G1CollectForAllocation", Time since last: 659373584 ns, Reaching safepoint: 3025 ns, At safepoint: 7388000 ns, Total: 7391025 ns
[2025-02-08T09:34:25.637+0000][76][info ][gc,start    ] GC(7) Pause Young (Mixed) (G1 Evacuation Pause)
[2025-02-08T09:34:25.637+0000][76][info ][gc,task     ] GC(7) Using 12 workers of 13 for evacuation
[2025-02-08T09:34:25.637+0000][76][debug][gc,age      ] GC(7) Desired survivor size 12582912 bytes, new threshold 15 (max threshold 15)
[2025-02-08T09:34:25.646+0000][76][info ][gc,phases   ] GC(7)   Pre Evacuate Collection Set: 0.45ms
[2025-02-08T09:34:25.647+0000][76][info ][gc,phases   ] GC(7)   Merge Heap Roots: 0.20ms
[2025-02-08T09:34:25.647+0000][76][info ][gc,phases   ] GC(7)   Evacuate Collection Set: 5.86ms
[2025-02-08T09:34:25.647+0000][76][info ][gc,phases   ] GC(7)   Post Evacuate Collection Set: 1.97ms
[2025-02-08T09:34:25.647+0000][76][info ][gc,phases   ] GC(7)   Other: 0.53ms
[2025-02-08T09:34:25.648+0000][76][trace][gc,age      ] GC(7) Age table:
[2025-02-08T09:34:25.648+0000][76][trace][gc,age      ] GC(7) - age   1:    4927616 bytes,    4927616 total
[2025-02-08T09:34:25.648+0000][76][trace][gc,age      ] GC(7) - age   2:    1088240 bytes,    6015856 total
[2025-02-08T09:34:25.648+0000][76][trace][gc,age      ] GC(7) - age   3:     463288 bytes,    6479144 total
[2025-02-08T09:34:25.649+0000][76][trace][gc,age      ] GC(7) - age   4:    1750216 bytes,    8229360 total
[2025-02-08T09:34:25.649+0000][76][trace][gc,age      ] GC(7) - age   5:    4689176 bytes,   12918536 total
[2025-02-08T09:34:25.649+0000][76][info ][gc,heap     ] GC(7) Eden regions: 17->0(21)
[2025-02-08T09:34:25.649+0000][76][info ][gc,heap     ] GC(7) Survivor regions: 2->2(3)
[2025-02-08T09:34:25.650+0000][76][info ][gc,heap     ] GC(7) Old regions: 2->2
[2025-02-08T09:34:25.650+0000][76][info ][gc,heap     ] GC(7) Humongous regions: 0->0
[2025-02-08T09:34:25.650+0000][76][info ][gc,metaspace] GC(7) Metaspace: 29209K(30208K)->29209K(30208K) NonClass: 25934K(26496K)->25934K(26496K) Class: 3274K(3712K)->3274K(3712K)
[2025-02-08T09:34:25.650+0000][76][info ][gc          ] GC(7) Pause Young (Mixed) (G1 Evacuation Pause) 154M->21M(512M) 13.632ms
[2025-02-08T09:34:25.651+0000][76][info ][gc,cpu      ] GC(7) User=0.07s Sys=0.02s Real=0.02s
[2025-02-08T09:34:25.651+0000][76][info ][safepoint   ] Safepoint "G1CollectForAllocation", Time since last: 576575228 ns, Reaching safepoint: 6451 ns, At safepoint: 14059918 ns, Total: 14066369 ns
[2025-02-08T09:34:26.125+0000][76][info ][gc,start    ] GC(8) Pause Young (Normal) (G1 Evacuation Pause)
[2025-02-08T09:34:26.125+0000][76][info ][gc,task     ] GC(8) Using 12 workers of 13 for evacuation
[2025-02-08T09:34:26.125+0000][76][debug][gc,age      ] GC(8) Desired survivor size 12582912 bytes, new threshold 5 (max threshold 15)
[2025-02-08T09:34:26.131+0000][76][info ][gc,phases   ] GC(8)   Pre Evacuate Collection Set: 0.33ms
[2025-02-08T09:34:26.131+0000][76][info ][gc,phases   ] GC(8)   Merge Heap Roots: 0.19ms
[2025-02-08T09:34:26.131+0000][76][info ][gc,phases   ] GC(8)   Evacuate Collection Set: 3.83ms
[2025-02-08T09:34:26.132+0000][76][info ][gc,phases   ] GC(8)   Post Evacuate Collection Set: 0.69ms
[2025-02-08T09:34:26.132+0000][76][info ][gc,phases   ] GC(8)   Other: 0.55ms
[2025-02-08T09:34:26.132+0000][76][trace][gc,age      ] GC(8) Age table:
[2025-02-08T09:34:26.133+0000][76][trace][gc,age      ] GC(8) - age   1:    2956240 bytes,    2956240 total
[2025-02-08T09:34:26.133+0000][76][trace][gc,age      ] GC(8) - age   2:    3827112 bytes,    6783352 total
[2025-02-08T09:34:26.133+0000][76][trace][gc,age      ] GC(8) - age   3:    1088032 bytes,    7871384 total
[2025-02-08T09:34:26.134+0000][76][trace][gc,age      ] GC(8) - age   4:     461320 bytes,    8332704 total
[2025-02-08T09:34:26.134+0000][76][trace][gc,age      ] GC(8) - age   5:    1750216 bytes,   10082920 total
[2025-02-08T09:34:26.134+0000][76][info ][gc,heap     ] GC(8) Eden regions: 21->0(28)
[2025-02-08T09:34:26.134+0000][76][info ][gc,heap     ] GC(8) Survivor regions: 2->2(3)
[2025-02-08T09:34:26.135+0000][76][info ][gc,heap     ] GC(8) Old regions: 2->2
[2025-02-08T09:34:26.135+0000][76][info ][gc,heap     ] GC(8) Humongous regions: 0->0
[2025-02-08T09:34:26.135+0000][76][info ][gc,metaspace] GC(8) Metaspace: 30285K(31296K)->30285K(31296K) NonClass: 26833K(27392K)->26833K(27392K) Class: 3451K(3904K)->3451K(3904K)
[2025-02-08T09:34:26.135+0000][76][info ][gc          ] GC(8) Pause Young (Normal) (G1 Evacuation Pause) 189M->22M(512M) 10.186ms
[2025-02-08T09:34:26.135+0000][76][info ][gc,cpu      ] GC(8) User=0.03s Sys=0.00s Real=0.01s
[2025-02-08T09:34:26.135+0000][76][info ][safepoint   ] Safepoint "G1CollectForAllocation", Time since last: 474019786 ns, Reaching safepoint: 3123 ns, At safepoint: 10507834 ns, Total: 10510957 ns
[2025-02-08T09:34:26.484+0000][76][info ][gc,start    ] GC(9) Pause Young (Normal) (G1 Evacuation Pause)
[2025-02-08T09:34:26.485+0000][76][info ][gc,task     ] GC(9) Using 12 workers of 13 for evacuation
[2025-02-08T09:34:26.485+0000][76][debug][gc,age      ] GC(9) Desired survivor size 16777216 bytes, new threshold 15 (max threshold 15)
[2025-02-08T09:34:26.490+0000][76][info ][gc,phases   ] GC(9)   Pre Evacuate Collection Set: 0.49ms
[2025-02-08T09:34:26.490+0000][76][info ][gc,phases   ] GC(9)   Merge Heap Roots: 0.20ms
[2025-02-08T09:34:26.490+0000][76][info ][gc,phases   ] GC(9)   Evacuate Collection Set: 3.23ms
[2025-02-08T09:34:26.490+0000][76][info ][gc,phases   ] GC(9)   Post Evacuate Collection Set: 0.80ms
[2025-02-08T09:34:26.490+0000][76][info ][gc,phases   ] GC(9)   Other: 0.43ms
[2025-02-08T09:34:26.491+0000][76][trace][gc,age      ] GC(9) Age table:
[2025-02-08T09:34:26.491+0000][76][trace][gc,age      ] GC(9) - age   1:    3534856 bytes,    3534856 total
[2025-02-08T09:34:26.491+0000][76][trace][gc,age      ] GC(9) - age   2:    2932632 bytes,    6467488 total
[2025-02-08T09:34:26.491+0000][76][trace][gc,age      ] GC(9) - age   3:    3826808 bytes,   10294296 total
[2025-02-08T09:34:26.491+0000][76][trace][gc,age      ] GC(9) - age   4:    1087968 bytes,   11382264 total
[2025-02-08T09:34:26.491+0000][76][trace][gc,age      ] GC(9) - age   5:     461320 bytes,   11843584 total
[2025-02-08T09:34:26.491+0000][76][trace][gc,age      ] GC(9) - age   6:    1750216 bytes,   13593800 total
[2025-02-08T09:34:26.491+0000][76][info ][gc,heap     ] GC(9) Eden regions: 29->0(35)
[2025-02-08T09:34:26.492+0000][76][info ][gc,heap     ] GC(9) Survivor regions: 2->2(4)
[2025-02-08T09:34:26.492+0000][76][info ][gc,heap     ] GC(9) Old regions: 2->2
[2025-02-08T09:34:26.492+0000][76][info ][gc,heap     ] GC(9) Humongous regions: 0->0
[2025-02-08T09:34:26.492+0000][76][info ][gc,metaspace] GC(9) Metaspace: 30728K(31744K)->30728K(31744K) NonClass: 27228K(27776K)->27228K(27776K) Class: 3499K(3968K)->3499K(3968K)
[2025-02-08T09:34:26.492+0000][76][info ][gc          ] GC(9) Pause Young (Normal) (G1 Evacuation Pause) 254M->26M(512M) 7.910ms
[2025-02-08T09:34:26.492+0000][76][info ][gc,cpu      ] GC(9) User=0.03s Sys=0.00s Real=0.01s
[2025-02-08T09:34:26.492+0000][76][info ][safepoint   ] Safepoint "G1CollectForAllocation", Time since last: 348927817 ns, Reaching safepoint: 4564 ns, At safepoint: 8179181 ns, Total: 8183745 ns
[2025-02-08T09:34:26.878+0000][76][info ][gc,start    ] GC(10) Pause Young (Normal) (G1 Evacuation Pause)
[2025-02-08T09:34:26.878+0000][76][info ][gc,task     ] GC(10) Using 12 workers of 13 for evacuation
[2025-02-08T09:34:26.878+0000][76][debug][gc,age      ] GC(10) Desired survivor size 20971520 bytes, new threshold 15 (max threshold 15)
[2025-02-08T09:34:26.884+0000][76][info ][gc,phases   ] GC(10)   Pre Evacuate Collection Set: 0.25ms
[2025-02-08T09:34:26.884+0000][76][info ][gc,phases   ] GC(10)   Merge Heap Roots: 0.17ms
[2025-02-08T09:34:26.884+0000][76][info ][gc,phases   ] GC(10)   Evacuate Collection Set: 3.67ms
[2025-02-08T09:34:26.884+0000][76][info ][gc,phases   ] GC(10)   Post Evacuate Collection Set: 0.89ms
[2025-02-08T09:34:26.884+0000][76][info ][gc,phases   ] GC(10)   Other: 0.34ms
[2025-02-08T09:34:26.884+0000][76][trace][gc,age      ] GC(10) Age table:
[2025-02-08T09:34:26.884+0000][76][trace][gc,age      ] GC(10) - age   1:    3256968 bytes,    3256968 total
[2025-02-08T09:34:26.884+0000][76][trace][gc,age      ] GC(10) - age   2:    2700760 bytes,    5957728 total
[2025-02-08T09:34:26.884+0000][76][trace][gc,age      ] GC(10) - age   3:    2926504 bytes,    8884232 total
[2025-02-08T09:34:26.884+0000][76][trace][gc,age      ] GC(10) - age   4:    3825240 bytes,   12709472 total
[2025-02-08T09:34:26.885+0000][76][trace][gc,age      ] GC(10) - age   5:    1087880 bytes,   13797352 total
[2025-02-08T09:34:26.885+0000][76][trace][gc,age      ] GC(10) - age   6:     461320 bytes,   14258672 total
[2025-02-08T09:34:26.885+0000][76][trace][gc,age      ] GC(10) - age   7:    1750216 bytes,   16008888 total
[2025-02-08T09:34:26.885+0000][76][info ][gc,heap     ] GC(10) Eden regions: 35->0(35)
[2025-02-08T09:34:26.885+0000][76][info ][gc,heap     ] GC(10) Survivor regions: 2->3(5)
[2025-02-08T09:34:26.885+0000][76][info ][gc,heap     ] GC(10) Old regions: 2->2
[2025-02-08T09:34:26.885+0000][76][info ][gc,heap     ] GC(10) Humongous regions: 0->0
[2025-02-08T09:34:26.885+0000][76][info ][gc,metaspace] GC(10) Metaspace: 31337K(32448K)->31337K(32448K) NonClass: 27745K(28416K)->27745K(28416K) Class: 3592K(4032K)->3592K(4032K)
[2025-02-08T09:34:26.885+0000][76][info ][gc          ] GC(10) Pause Young (Normal) (G1 Evacuation Pause) 306M->28M(512M) 7.435ms
[2025-02-08T09:34:26.885+0000][76][info ][gc,cpu      ] GC(10) User=0.04s Sys=0.00s Real=0.01s
[2025-02-08T09:34:26.886+0000][76][info ][safepoint   ] Safepoint "G1CollectForAllocation", Time since last: 385462128 ns, Reaching safepoint: 5520 ns, At safepoint: 7687958 ns, Total: 7693478 ns
[2025-02-08T09:34:27.248+0000][76][info ][gc,start    ] GC(11) Pause Young (Concurrent Start) (Metadata GC Threshold)
[2025-02-08T09:34:27.248+0000][76][info ][gc,task     ] GC(11) Using 12 workers of 13 for evacuation
[2025-02-08T09:34:27.248+0000][76][debug][gc,age      ] GC(11) Desired survivor size 20971520 bytes, new threshold 15 (max threshold 15)
[2025-02-08T09:34:27.264+0000][76][info ][gc,phases   ] GC(11)   Pre Evacuate Collection Set: 0.24ms
[2025-02-08T09:34:27.264+0000][76][info ][gc,phases   ] GC(11)   Merge Heap Roots: 0.16ms
[2025-02-08T09:34:27.265+0000][76][info ][gc,phases   ] GC(11)   Evacuate Collection Set: 3.78ms
[2025-02-08T09:34:27.265+0000][76][info ][gc,phases   ] GC(11)   Post Evacuate Collection Set: 11.26ms
[2025-02-08T09:34:27.265+0000][76][info ][gc,phases   ] GC(11)   Other: 0.43ms
[2025-02-08T09:34:27.265+0000][76][trace][gc,age      ] GC(11) Age table:
[2025-02-08T09:34:27.265+0000][76][trace][gc,age      ] GC(11) - age   1:    3195304 bytes,    3195304 total
[2025-02-08T09:34:27.266+0000][76][trace][gc,age      ] GC(11) - age   2:    1322440 bytes,    4517744 total
[2025-02-08T09:34:27.266+0000][76][trace][gc,age      ] GC(11) - age   3:    2700728 bytes,    7218472 total
[2025-02-08T09:34:27.266+0000][76][trace][gc,age      ] GC(11) - age   4:    2926504 bytes,   10144976 total
[2025-02-08T09:34:27.266+0000][76][trace][gc,age      ] GC(11) - age   5:    3825096 bytes,   13970072 total
[2025-02-08T09:34:27.266+0000][76][trace][gc,age      ] GC(11) - age   6:    1087704 bytes,   15057776 total
[2025-02-08T09:34:27.266+0000][76][trace][gc,age      ] GC(11) - age   7:     461320 bytes,   15519096 total
[2025-02-08T09:34:27.267+0000][76][trace][gc,age      ] GC(11) - age   8:    1749576 bytes,   17268672 total
[2025-02-08T09:34:27.267+0000][76][info ][gc,heap     ] GC(11) Eden regions: 7->0(43)
[2025-02-08T09:34:27.267+0000][76][info ][gc,heap     ] GC(11) Survivor regions: 3->3(5)
[2025-02-08T09:34:27.267+0000][76][info ][gc,heap     ] GC(11) Old regions: 2->2
[2025-02-08T09:34:27.267+0000][76][info ][gc,heap     ] GC(11) Humongous regions: 0->0
[2025-02-08T09:34:27.267+0000][76][info ][gc,metaspace] GC(11) Metaspace: 35375K(36480K)->35375K(36480K) NonClass: 31374K(32000K)->31374K(32000K) Class: 4000K(4480K)->4000K(4480K)
[2025-02-08T09:34:27.267+0000][76][info ][gc          ] GC(11) Pause Young (Concurrent Start) (Metadata GC Threshold) 84M->30M(616M) 19.750ms
[2025-02-08T09:34:27.268+0000][76][info ][gc,cpu      ] GC(11) User=0.00s Sys=0.12s Real=0.02s
[2025-02-08T09:34:27.268+0000][76][info ][gc          ] GC(12) Concurrent Mark Cycle
[2025-02-08T09:34:27.268+0000][76][info ][gc,marking  ] GC(12) Concurrent Scan Root Regions
[2025-02-08T09:34:27.268+0000][76][info ][safepoint   ] Safepoint "CollectForMetadataAllocation", Time since last: 362028697 ns, Reaching safepoint: 3281 ns, At safepoint: 20062808 ns, Total: 20066089 ns
[2025-02-08T09:34:27.271+0000][76][info ][gc,marking  ] GC(12) Concurrent Scan Root Regions 3.463ms
[2025-02-08T09:34:27.271+0000][76][info ][gc,marking  ] GC(12) Concurrent Mark
[2025-02-08T09:34:27.272+0000][76][info ][gc,marking  ] GC(12) Concurrent Mark From Roots
[2025-02-08T09:34:27.272+0000][76][info ][gc,task     ] GC(12) Using 3 workers of 3 for marking
[2025-02-08T09:34:27.278+0000][76][info ][gc,marking  ] GC(12) Concurrent Mark From Roots 6.031ms
[2025-02-08T09:34:27.278+0000][76][info ][gc,marking  ] GC(12) Concurrent Preclean
[2025-02-08T09:34:27.278+0000][76][info ][gc,marking  ] GC(12) Concurrent Preclean 0.223ms
[2025-02-08T09:34:27.279+0000][76][info ][gc,start    ] GC(12) Pause Remark
[2025-02-08T09:34:27.284+0000][76][info ][gc          ] GC(12) Pause Remark 34M->34M(512M) 5.657ms
[2025-02-08T09:34:27.284+0000][76][info ][gc,cpu      ] GC(12) User=0.02s Sys=0.00s Real=0.00s
[2025-02-08T09:34:27.285+0000][76][info ][safepoint   ] Safepoint "G1PauseRemark", Time since last: 10441477 ns, Reaching safepoint: 377615 ns, At safepoint: 6003748 ns, Total: 6381363 ns
[2025-02-08T09:34:27.285+0000][76][info ][gc,marking  ] GC(12) Concurrent Mark 13.257ms
[2025-02-08T09:34:27.285+0000][76][info ][gc,marking  ] GC(12) Concurrent Rebuild Remembered Sets and Scrub Regions
[2025-02-08T09:34:27.288+0000][76][info ][gc,marking  ] GC(12) Concurrent Rebuild Remembered Sets and Scrub Regions 3.008ms
[2025-02-08T09:34:27.288+0000][76][info ][gc,start    ] GC(12) Pause Cleanup
[2025-02-08T09:34:27.288+0000][76][info ][gc          ] GC(12) Pause Cleanup 34M->34M(512M) 0.235ms
[2025-02-08T09:34:27.289+0000][76][info ][gc,cpu      ] GC(12) User=0.00s Sys=0.00s Real=0.00s
[2025-02-08T09:34:27.289+0000][76][info ][safepoint   ] Safepoint "G1PauseCleanup", Time since last: 3524976 ns, Reaching safepoint: 166399 ns, At safepoint: 480651 ns, Total: 647050 ns
[2025-02-08T09:34:27.289+0000][76][info ][gc,marking  ] GC(12) Concurrent Clear Claimed Marks
[2025-02-08T09:34:27.289+0000][76][info ][gc,marking  ] GC(12) Concurrent Clear Claimed Marks 0.103ms
[2025-02-08T09:34:27.289+0000][76][info ][gc,marking  ] GC(12) Concurrent Cleanup for Next Mark
[2025-02-08T09:34:27.289+0000][76][info ][gc,marking  ] GC(12) Concurrent Cleanup for Next Mark 0.300ms
[2025-02-08T09:34:27.289+0000][76][info ][gc          ] GC(12) Concurrent Mark Cycle 21.877ms
[2025-02-08T09:34:27.715+0000][76][info ][gc,start    ] GC(13) Pause Young (Prepare Mixed) (G1 Evacuation Pause)
[2025-02-08T09:34:27.715+0000][76][info ][gc,task     ] GC(13) Using 12 workers of 13 for evacuation
[2025-02-08T09:34:27.715+0000][76][debug][gc,age      ] GC(13) Desired survivor size 20971520 bytes, new threshold 15 (max threshold 15)
[2025-02-08T09:34:27.722+0000][76][info ][gc,phases   ] GC(13)   Pre Evacuate Collection Set: 0.31ms
[2025-02-08T09:34:27.722+0000][76][info ][gc,phases   ] GC(13)   Merge Heap Roots: 0.28ms
[2025-02-08T09:34:27.722+0000][76][info ][gc,phases   ] GC(13)   Evacuate Collection Set: 4.47ms
[2025-02-08T09:34:27.722+0000][76][info ][gc,phases   ] GC(13)   Post Evacuate Collection Set: 0.95ms
[2025-02-08T09:34:27.722+0000][76][info ][gc,phases   ] GC(13)   Other: 0.51ms
[2025-02-08T09:34:27.723+0000][76][trace][gc,age      ] GC(13) Age table:
[2025-02-08T09:34:27.723+0000][76][trace][gc,age      ] GC(13) - age   1:    3268376 bytes,    3268376 total
[2025-02-08T09:34:27.723+0000][76][trace][gc,age      ] GC(13) - age   2:    3158344 bytes,    6426720 total
[2025-02-08T09:34:27.723+0000][76][trace][gc,age      ] GC(13) - age   3:    1322224 bytes,    7748944 total
[2025-02-08T09:34:27.723+0000][76][trace][gc,age      ] GC(13) - age   4:    2700152 bytes,   10449096 total
[2025-02-08T09:34:27.723+0000][76][trace][gc,age      ] GC(13) - age   5:    2925752 bytes,   13374848 total
[2025-02-08T09:34:27.723+0000][76][trace][gc,age      ] GC(13) - age   6:    3825064 bytes,   17199912 total
[2025-02-08T09:34:27.724+0000][76][trace][gc,age      ] GC(13) - age   7:    1087240 bytes,   18287152 total
[2025-02-08T09:34:27.724+0000][76][trace][gc,age      ] GC(13) - age   8:     461288 bytes,   18748440 total
[2025-02-08T09:34:27.724+0000][76][trace][gc,age      ] GC(13) - age   9:    1749320 bytes,   20497760 total
[2025-02-08T09:34:27.724+0000][76][info ][gc,heap     ] GC(13) Eden regions: 35->0(35)
[2025-02-08T09:34:27.724+0000][76][info ][gc,heap     ] GC(13) Survivor regions: 3->3(5)
[2025-02-08T09:34:27.725+0000][76][info ][gc,heap     ] GC(13) Old regions: 2->2
[2025-02-08T09:34:27.725+0000][76][info ][gc,heap     ] GC(13) Humongous regions: 0->0
[2025-02-08T09:34:27.725+0000][76][info ][gc,metaspace] GC(13) Metaspace: 37154K(38272K)->37154K(38272K) NonClass: 32884K(33536K)->32884K(33536K) Class: 4269K(4736K)->4269K(4736K)
[2025-02-08T09:34:27.725+0000][76][info ][gc          ] GC(13) Pause Young (Prepare Mixed) (G1 Evacuation Pause) 310M->33M(512M) 10.248ms
[2025-02-08T09:34:27.725+0000][76][info ][gc,cpu      ] GC(13) User=0.04s Sys=0.00s Real=0.01s
[2025-02-08T09:34:27.725+0000][76][info ][safepoint   ] Safepoint "G1CollectForAllocation", Time since last: 426045994 ns, Reaching safepoint: 5746 ns, At safepoint: 10663013 ns, Total: 10668759 ns
[2025-02-08T09:34:28.281+0000][76][info ][gc,start    ] GC(14) Pause Young (Mixed) (G1 Evacuation Pause)
[2025-02-08T09:34:28.281+0000][76][info ][gc,task     ] GC(14) Using 12 workers of 13 for evacuation
[2025-02-08T09:34:28.281+0000][76][debug][gc,age      ] GC(14) Desired survivor size 20971520 bytes, new threshold 15 (max threshold 15)
[2025-02-08T09:34:28.292+0000][76][info ][gc,phases   ] GC(14)   Pre Evacuate Collection Set: 0.36ms
[2025-02-08T09:34:28.292+0000][76][info ][gc,phases   ] GC(14)   Merge Heap Roots: 0.16ms
[2025-02-08T09:34:28.292+0000][76][info ][gc,phases   ] GC(14)   Evacuate Collection Set: 7.80ms
[2025-02-08T09:34:28.293+0000][76][info ][gc,phases   ] GC(14)   Post Evacuate Collection Set: 1.68ms
[2025-02-08T09:34:28.293+0000][76][info ][gc,phases   ] GC(14)   Other: 0.66ms
[2025-02-08T09:34:28.293+0000][76][trace][gc,age      ] GC(14) Age table:
[2025-02-08T09:34:28.293+0000][76][trace][gc,age      ] GC(14) - age   1:    4183424 bytes,    4183424 total
[2025-02-08T09:34:28.293+0000][76][trace][gc,age      ] GC(14) - age   2:    3144472 bytes,    7327896 total
[2025-02-08T09:34:28.294+0000][76][trace][gc,age      ] GC(14) - age   3:    3158216 bytes,   10486112 total
[2025-02-08T09:34:28.294+0000][76][trace][gc,age      ] GC(14) - age   4:    1321464 bytes,   11807576 total
[2025-02-08T09:34:28.294+0000][76][trace][gc,age      ] GC(14) - age   5:    2699400 bytes,   14506976 total
[2025-02-08T09:34:28.294+0000][76][trace][gc,age      ] GC(14) - age   6:    2921840 bytes,   17428816 total
[2025-02-08T09:34:28.295+0000][76][trace][gc,age      ] GC(14) - age   7:    3824776 bytes,   21253592 total
[2025-02-08T09:34:28.295+0000][76][trace][gc,age      ] GC(14) - age   8:    1086720 bytes,   22340312 total
[2025-02-08T09:34:28.295+0000][76][trace][gc,age      ] GC(14) - age   9:     459672 bytes,   22799984 total
[2025-02-08T09:34:28.295+0000][76][trace][gc,age      ] GC(14) - age  10:    1746792 bytes,   24546776 total
[2025-02-08T09:34:28.295+0000][76][info ][gc,heap     ] GC(14) Eden regions: 35->0(34)
[2025-02-08T09:34:28.296+0000][76][info ][gc,heap     ] GC(14) Survivor regions: 3->4(5)
[2025-02-08T09:34:28.296+0000][76][info ][gc,heap     ] GC(14) Old regions: 2->2
[2025-02-08T09:34:28.296+0000][76][info ][gc,heap     ] GC(14) Humongous regions: 0->0
[2025-02-08T09:34:28.296+0000][76][info ][gc,metaspace] GC(14) Metaspace: 39221K(40448K)->39221K(40448K) NonClass: 34690K(35456K)->34690K(35456K) Class: 4531K(4992K)->4531K(4992K)
[2025-02-08T09:34:28.297+0000][76][info ][gc          ] GC(14) Pause Young (Mixed) (G1 Evacuation Pause) 313M->37M(512M) 15.965ms
[2025-02-08T09:34:28.297+0000][76][info ][gc,cpu      ] GC(14) User=0.09s Sys=0.00s Real=0.01s
[2025-02-08T09:34:28.297+0000][76][info ][safepoint   ] Safepoint "G1CollectForAllocation", Time since last: 555258079 ns, Reaching safepoint: 4391 ns, At safepoint: 16404339 ns, Total: 16408730 ns
[2025-02-08T09:34:28.643+0000][76][info ][gc,start    ] GC(15) Pause Young (Normal) (G1 Evacuation Pause)
[2025-02-08T09:34:28.643+0000][76][info ][gc,task     ] GC(15) Using 12 workers of 13 for evacuation
[2025-02-08T09:34:28.643+0000][76][debug][gc,age      ] GC(15) Desired survivor size 20971520 bytes, new threshold 7 (max threshold 15)
[2025-02-08T09:34:28.651+0000][76][info ][gc,phases   ] GC(15)   Pre Evacuate Collection Set: 0.27ms
[2025-02-08T09:34:28.651+0000][76][info ][gc,phases   ] GC(15)   Merge Heap Roots: 0.18ms
[2025-02-08T09:34:28.652+0000][76][info ][gc,phases   ] GC(15)   Evacuate Collection Set: 6.04ms
[2025-02-08T09:34:28.652+0000][76][info ][gc,phases   ] GC(15)   Post Evacuate Collection Set: 1.10ms
[2025-02-08T09:34:28.652+0000][76][info ][gc,phases   ] GC(15)   Other: 0.31ms
[2025-02-08T09:34:28.652+0000][76][trace][gc,age      ] GC(15) Age table:
[2025-02-08T09:34:28.652+0000][76][trace][gc,age      ] GC(15) - age   1:    5926448 bytes,    5926448 total
[2025-02-08T09:34:28.653+0000][76][trace][gc,age      ] GC(15) - age   2:    4090744 bytes,   10017192 total
[2025-02-08T09:34:28.653+0000][76][trace][gc,age      ] GC(15) - age   3:    3144232 bytes,   13161424 total
[2025-02-08T09:34:28.653+0000][76][trace][gc,age      ] GC(15) - age   4:    3158216 bytes,   16319640 total
[2025-02-08T09:34:28.653+0000][76][trace][gc,age      ] GC(15) - age   5:    1319400 bytes,   17639040 total
[2025-02-08T09:34:28.654+0000][76][trace][gc,age      ] GC(15) - age   6:    2699096 bytes,   20338136 total
[2025-02-08T09:34:28.654+0000][76][trace][gc,age      ] GC(15) - age   7:    2921808 bytes,   23259944 total
[2025-02-08T09:34:28.654+0000][76][info ][gc,heap     ] GC(15) Eden regions: 34->0(34)
[2025-02-08T09:34:28.654+0000][76][info ][gc,heap     ] GC(15) Survivor regions: 4->4(5)
[2025-02-08T09:34:28.655+0000][76][info ][gc,heap     ] GC(15) Old regions: 2->3
[2025-02-08T09:34:28.655+0000][76][info ][gc,heap     ] GC(15) Humongous regions: 0->0
[2025-02-08T09:34:28.655+0000][76][info ][gc,metaspace] GC(15) Metaspace: 39457K(40704K)->39457K(40704K) NonClass: 34894K(35648K)->34894K(35648K) Class: 4563K(5056K)->4563K(5056K)
[2025-02-08T09:34:28.655+0000][76][info ][gc          ] GC(15) Pause Young (Normal) (G1 Evacuation Pause) 309M->44M(512M) 12.466ms
[2025-02-08T09:34:28.656+0000][76][info ][gc,cpu      ] GC(15) User=0.05s Sys=0.00s Real=0.01s
[2025-02-08T09:34:28.656+0000][76][info ][safepoint   ] Safepoint "G1CollectForAllocation", Time since last: 345882591 ns, Reaching safepoint: 3445 ns, At safepoint: 12873071 ns, Total: 12876516 ns
[2025-02-08T09:34:29.733+0000][76][info ][gc,start    ] GC(16) Pause Young (Normal) (G1 Evacuation Pause)
[2025-02-08T09:34:29.733+0000][76][info ][gc,task     ] GC(16) Using 12 workers of 13 for evacuation
[2025-02-08T09:34:29.733+0000][76][debug][gc,age      ] GC(16) Desired survivor size 20971520 bytes, new threshold 7 (max threshold 15)
[2025-02-08T09:34:29.740+0000][76][info ][gc,phases   ] GC(16)   Pre Evacuate Collection Set: 0.30ms
[2025-02-08T09:34:29.741+0000][76][info ][gc,phases   ] GC(16)   Merge Heap Roots: 0.19ms
[2025-02-08T09:34:29.741+0000][76][info ][gc,phases   ] GC(16)   Evacuate Collection Set: 5.28ms
[2025-02-08T09:34:29.741+0000][76][info ][gc,phases   ] GC(16)   Post Evacuate Collection Set: 1.01ms
[2025-02-08T09:34:29.741+0000][76][info ][gc,phases   ] GC(16)   Other: 0.36ms
[2025-02-08T09:34:29.741+0000][76][trace][gc,age      ] GC(16) Age table:
[2025-02-08T09:34:29.741+0000][76][trace][gc,age      ] GC(16) - age   1:    4425664 bytes,    4425664 total
[2025-02-08T09:34:29.741+0000][76][trace][gc,age      ] GC(16) - age   2:    5615320 bytes,   10040984 total
[2025-02-08T09:34:29.741+0000][76][trace][gc,age      ] GC(16) - age   3:    4070832 bytes,   14111816 total
[2025-02-08T09:34:29.741+0000][76][trace][gc,age      ] GC(16) - age   4:    3137088 bytes,   17248904 total
[2025-02-08T09:34:29.742+0000][76][trace][gc,age      ] GC(16) - age   5:    3157728 bytes,   20406632 total
[2025-02-08T09:34:29.742+0000][76][trace][gc,age      ] GC(16) - age   6:    1312416 bytes,   21719048 total
[2025-02-08T09:34:29.742+0000][76][trace][gc,age      ] GC(16) - age   7:    2696752 bytes,   24415800 total
[2025-02-08T09:34:29.742+0000][76][info ][gc,heap     ] GC(16) Eden regions: 34->0(34)
[2025-02-08T09:34:29.742+0000][76][info ][gc,heap     ] GC(16) Survivor regions: 4->4(5)
[2025-02-08T09:34:29.742+0000][76][info ][gc,heap     ] GC(16) Old regions: 3->4
[2025-02-08T09:34:29.742+0000][76][info ][gc,heap     ] GC(16) Humongous regions: 0->0
[2025-02-08T09:34:29.742+0000][76][info ][gc,metaspace] GC(16) Metaspace: 45811K(47296K)->45811K(47296K) NonClass: 40314K(41216K)->40314K(41216K) Class: 5497K(6080K)->5497K(6080K)
[2025-02-08T09:34:29.742+0000][76][info ][gc          ] GC(16) Pause Young (Normal) (G1 Evacuation Pause) 316M->49M(512M) 9.291ms
[2025-02-08T09:34:29.742+0000][76][info ][gc,cpu      ] GC(16) User=0.07s Sys=0.02s Real=0.01s
[2025-02-08T09:34:29.743+0000][76][info ][safepoint   ] Safepoint "G1CollectForAllocation", Time since last: 1077166177 ns, Reaching safepoint: 5552 ns, At safepoint: 9569542 ns, Total: 9575094 ns
[2025-02-08T09:34:30.783+0000][76][info ][gc,start    ] GC(17) Pause Young (Concurrent Start) (Metadata GC Threshold)
[2025-02-08T09:34:30.784+0000][76][info ][gc,task     ] GC(17) Using 12 workers of 13 for evacuation
[2025-02-08T09:34:30.784+0000][76][debug][gc,age      ] GC(17) Desired survivor size 20971520 bytes, new threshold 6 (max threshold 15)
[2025-02-08T09:34:30.792+0000][76][info ][gc,phases   ] GC(17)   Pre Evacuate Collection Set: 0.34ms
[2025-02-08T09:34:30.792+0000][76][info ][gc,phases   ] GC(17)   Merge Heap Roots: 0.17ms
[2025-02-08T09:34:30.793+0000][76][info ][gc,phases   ] GC(17)   Evacuate Collection Set: 5.71ms
[2025-02-08T09:34:30.793+0000][76][info ][gc,phases   ] GC(17)   Post Evacuate Collection Set: 1.54ms
[2025-02-08T09:34:30.793+0000][76][info ][gc,phases   ] GC(17)   Other: 0.59ms
[2025-02-08T09:34:30.794+0000][76][trace][gc,age      ] GC(17) Age table:
[2025-02-08T09:34:30.794+0000][76][trace][gc,age      ] GC(17) - age   1:    3231192 bytes,    3231192 total
[2025-02-08T09:34:30.794+0000][76][trace][gc,age      ] GC(17) - age   2:    4255112 bytes,    7486304 total
[2025-02-08T09:34:30.794+0000][76][trace][gc,age      ] GC(17) - age   3:    5612088 bytes,   13098392 total
[2025-02-08T09:34:30.795+0000][76][trace][gc,age      ] GC(17) - age   4:    4066976 bytes,   17165368 total
[2025-02-08T09:34:30.795+0000][76][trace][gc,age      ] GC(17) - age   5:    3135192 bytes,   20300560 total
[2025-02-08T09:34:30.796+0000][76][trace][gc,age      ] GC(17) - age   6:    3157728 bytes,   23458288 total
[2025-02-08T09:34:30.796+0000][76][info ][gc,heap     ] GC(17) Eden regions: 25->0(34)
[2025-02-08T09:34:30.796+0000][76][info ][gc,heap     ] GC(17) Survivor regions: 4->4(5)
[2025-02-08T09:34:30.796+0000][76][info ][gc,heap     ] GC(17) Old regions: 4->4
[2025-02-08T09:34:30.796+0000][76][info ][gc,heap     ] GC(17) Humongous regions: 0->0
[2025-02-08T09:34:30.796+0000][76][info ][gc,metaspace] GC(17) Metaspace: 59631K(61248K)->59631K(61248K) NonClass: 52258K(53184K)->52258K(53184K) Class: 7372K(8064K)->7372K(8064K)
[2025-02-08T09:34:30.797+0000][76][info ][gc          ] GC(17) Pause Young (Concurrent Start) (Metadata GC Threshold) 249M->51M(512M) 13.533ms
[2025-02-08T09:34:30.797+0000][76][info ][gc,cpu      ] GC(17) User=0.04s Sys=0.01s Real=0.01s
[2025-02-08T09:34:30.797+0000][76][info ][gc          ] GC(18) Concurrent Mark Cycle
[2025-02-08T09:34:30.797+0000][76][info ][safepoint   ] Safepoint "CollectForMetadataAllocation", Time since last: 1040531600 ns, Reaching safepoint: 2821 ns, At safepoint: 14227206 ns, Total: 14230027 ns
[2025-02-08T09:34:30.798+0000][76][info ][gc,marking  ] GC(18) Concurrent Scan Root Regions
[2025-02-08T09:34:30.802+0000][76][info ][gc,marking  ] GC(18) Concurrent Scan Root Regions 4.010ms
[2025-02-08T09:34:30.802+0000][76][info ][gc,marking  ] GC(18) Concurrent Mark
[2025-02-08T09:34:30.802+0000][76][info ][gc,marking  ] GC(18) Concurrent Mark From Roots
[2025-02-08T09:34:30.803+0000][76][info ][gc,task     ] GC(18) Using 3 workers of 3 for marking
[2025-02-08T09:34:30.813+0000][76][info ][gc,marking  ] GC(18) Concurrent Mark From Roots 10.668ms
[2025-02-08T09:34:30.813+0000][76][info ][gc,marking  ] GC(18) Concurrent Preclean
[2025-02-08T09:34:30.814+0000][76][info ][gc,marking  ] GC(18) Concurrent Preclean 0.363ms
[2025-02-08T09:34:30.814+0000][76][info ][gc,start    ] GC(18) Pause Remark
[2025-02-08T09:34:30.818+0000][76][info ][gc          ] GC(18) Pause Remark 56M->56M(512M) 3.908ms
[2025-02-08T09:34:30.819+0000][76][info ][gc,cpu      ] GC(18) User=0.02s Sys=0.00s Real=0.01s
[2025-02-08T09:34:30.819+0000][76][info ][safepoint   ] Safepoint "G1PauseRemark", Time since last: 16878264 ns, Reaching safepoint: 84230 ns, At safepoint: 4615720 ns, Total: 4699950 ns
[2025-02-08T09:34:30.819+0000][76][info ][gc,marking  ] GC(18) Concurrent Mark 17.337ms
[2025-02-08T09:34:30.820+0000][76][info ][gc,marking  ] GC(18) Concurrent Rebuild Remembered Sets and Scrub Regions
[2025-02-08T09:34:30.825+0000][76][info ][gc,marking  ] GC(18) Concurrent Rebuild Remembered Sets and Scrub Regions 5.189ms
[2025-02-08T09:34:30.825+0000][76][info ][gc,start    ] GC(18) Pause Cleanup
[2025-02-08T09:34:30.826+0000][76][info ][gc          ] GC(18) Pause Cleanup 56M->56M(512M) 0.218ms
[2025-02-08T09:34:30.826+0000][76][info ][gc,cpu      ] GC(18) User=0.00s Sys=0.00s Real=0.00s
[2025-02-08T09:34:30.826+0000][76][info ][safepoint   ] Safepoint "G1PauseCleanup", Time since last: 6289081 ns, Reaching safepoint: 83682 ns, At safepoint: 688214 ns, Total: 771896 ns
[2025-02-08T09:34:30.826+0000][76][info ][gc,marking  ] GC(18) Concurrent Clear Claimed Marks
[2025-02-08T09:34:30.826+0000][76][info ][gc,marking  ] GC(18) Concurrent Clear Claimed Marks 0.308ms
[2025-02-08T09:34:30.827+0000][76][info ][gc,marking  ] GC(18) Concurrent Cleanup for Next Mark
[2025-02-08T09:34:30.827+0000][76][info ][gc,marking  ] GC(18) Concurrent Cleanup for Next Mark 0.554ms
[2025-02-08T09:34:30.827+0000][76][info ][gc          ] GC(18) Concurrent Mark Cycle 30.433ms
[2025-02-08T09:34:32.533+0000][76][info ][gc,start    ] GC(19) Pause Young (Prepare Mixed) (G1 Evacuation Pause)
[2025-02-08T09:34:32.533+0000][76][info ][gc,task     ] GC(19) Using 12 workers of 13 for evacuation
[2025-02-08T09:34:32.534+0000][76][debug][gc,age      ] GC(19) Desired survivor size 20971520 bytes, new threshold 6 (max threshold 15)
[2025-02-08T09:34:32.543+0000][76][info ][gc,phases   ] GC(19)   Pre Evacuate Collection Set: 0.29ms
[2025-02-08T09:34:32.543+0000][76][info ][gc,phases   ] GC(19)   Merge Heap Roots: 0.15ms
[2025-02-08T09:34:32.543+0000][76][info ][gc,phases   ] GC(19)   Evacuate Collection Set: 6.96ms
[2025-02-08T09:34:32.544+0000][76][info ][gc,phases   ] GC(19)   Post Evacuate Collection Set: 1.76ms
[2025-02-08T09:34:32.544+0000][76][info ][gc,phases   ] GC(19)   Other: 0.34ms
[2025-02-08T09:34:32.544+0000][76][trace][gc,age      ] GC(19) Age table:
[2025-02-08T09:34:32.544+0000][76][trace][gc,age      ] GC(19) - age   1:    9479944 bytes,    9479944 total
[2025-02-08T09:34:32.544+0000][76][trace][gc,age      ] GC(19) - age   2:    2962552 bytes,   12442496 total
[2025-02-08T09:34:32.545+0000][76][trace][gc,age      ] GC(19) - age   3:    4147824 bytes,   16590320 total
[2025-02-08T09:34:32.545+0000][76][trace][gc,age      ] GC(19) - age   4:    5599480 bytes,   22189800 total
[2025-02-08T09:34:32.545+0000][76][trace][gc,age      ] GC(19) - age   5:    4055136 bytes,   26244936 total
[2025-02-08T09:34:32.545+0000][76][trace][gc,age      ] GC(19) - age   6:    3127456 bytes,   29372392 total
[2025-02-08T09:34:32.545+0000][76][info ][gc,heap     ] GC(19) Eden regions: 34->0(34)
[2025-02-08T09:34:32.546+0000][76][info ][gc,heap     ] GC(19) Survivor regions: 4->4(5)
[2025-02-08T09:34:32.546+0000][76][info ][gc,heap     ] GC(19) Old regions: 4->5
[2025-02-08T09:34:32.546+0000][76][info ][gc,heap     ] GC(19) Humongous regions: 0->0
[2025-02-08T09:34:32.546+0000][76][info ][gc,metaspace] GC(19) Metaspace: 73347K(75328K)->73347K(75328K) NonClass: 63619K(64768K)->63619K(64768K) Class: 9727K(10560K)->9727K(10560K)
[2025-02-08T09:34:32.546+0000][76][info ][gc          ] GC(19) Pause Young (Prepare Mixed) (G1 Evacuation Pause) 323M->62M(512M) 13.016ms
[2025-02-08T09:34:32.546+0000][76][info ][gc,cpu      ] GC(19) User=0.09s Sys=0.00s Real=0.01s
[2025-02-08T09:34:32.546+0000][76][info ][safepoint   ] Safepoint "G1CollectForAllocation", Time since last: 1707056440 ns, Reaching safepoint: 4883 ns, At safepoint: 13439442 ns, Total: 13444325 ns
[2025-02-08T09:34:33.374+0000][76][info ][gc,start    ] GC(20) Pause Young (Mixed) (G1 Evacuation Pause)
[2025-02-08T09:34:33.375+0000][76][info ][gc,task     ] GC(20) Using 12 workers of 13 for evacuation
[2025-02-08T09:34:33.375+0000][76][debug][gc,age      ] GC(20) Desired survivor size 20971520 bytes, new threshold 4 (max threshold 15)
[2025-02-08T09:34:33.387+0000][76][info ][gc,phases   ] GC(20)   Pre Evacuate Collection Set: 0.38ms
[2025-02-08T09:34:33.387+0000][76][info ][gc,phases   ] GC(20)   Merge Heap Roots: 0.18ms
[2025-02-08T09:34:33.388+0000][76][info ][gc,phases   ] GC(20)   Evacuate Collection Set: 8.77ms
[2025-02-08T09:34:33.388+0000][76][info ][gc,phases   ] GC(20)   Post Evacuate Collection Set: 2.14ms
[2025-02-08T09:34:33.388+0000][76][info ][gc,phases   ] GC(20)   Other: 0.60ms
[2025-02-08T09:34:33.388+0000][76][trace][gc,age      ] GC(20) Age table:
[2025-02-08T09:34:33.389+0000][76][trace][gc,age      ] GC(20) - age   1:    3919208 bytes,    3919208 total
[2025-02-08T09:34:33.389+0000][76][trace][gc,age      ] GC(20) - age   2:    7458184 bytes,   11377392 total
[2025-02-08T09:34:33.389+0000][76][trace][gc,age      ] GC(20) - age   3:    2935128 bytes,   14312520 total
[2025-02-08T09:34:33.389+0000][76][trace][gc,age      ] GC(20) - age   4:    4034112 bytes,   18346632 total
[2025-02-08T09:34:33.390+0000][76][info ][gc,heap     ] GC(20) Eden regions: 34->0(35)
[2025-02-08T09:34:33.390+0000][76][info ][gc,heap     ] GC(20) Survivor regions: 4->3(5)
[2025-02-08T09:34:33.390+0000][76][info ][gc,heap     ] GC(20) Old regions: 5->6
[2025-02-08T09:34:33.390+0000][76][info ][gc,heap     ] GC(20) Humongous regions: 0->0
[2025-02-08T09:34:33.390+0000][76][info ][gc,metaspace] GC(20) Metaspace: 77975K(79936K)->77975K(79936K) NonClass: 67502K(68672K)->67502K(68672K) Class: 10473K(11264K)->10473K(11264K)
[2025-02-08T09:34:33.391+0000][76][info ][gc          ] GC(20) Pause Young (Mixed) (G1 Evacuation Pause) 334M->63M(512M) 16.539ms
[2025-02-08T09:34:33.391+0000][76][info ][gc,cpu      ] GC(20) User=0.10s Sys=0.00s Real=0.02s
[2025-02-08T09:34:33.391+0000][76][info ][safepoint   ] Safepoint "G1CollectForAllocation", Time since last: 827641818 ns, Reaching safepoint: 16069 ns, At safepoint: 17051409 ns, Total: 17067478 ns
[2025-02-08T09:34:34.454+0000][76][info ][gc,start    ] GC(21) Pause Young (Normal) (G1 Evacuation Pause)
[2025-02-08T09:34:34.454+0000][76][info ][gc,task     ] GC(21) Using 12 workers of 13 for evacuation
[2025-02-08T09:34:34.454+0000][76][debug][gc,age      ] GC(21) Desired survivor size 20971520 bytes, new threshold 15 (max threshold 15)
[2025-02-08T09:34:34.474+0000][76][info ][gc,phases   ] GC(21)   Pre Evacuate Collection Set: 0.22ms
[2025-02-08T09:34:34.474+0000][76][info ][gc,phases   ] GC(21)   Merge Heap Roots: 0.18ms
[2025-02-08T09:34:34.474+0000][76][info ][gc,phases   ] GC(21)   Evacuate Collection Set: 8.50ms
[2025-02-08T09:34:34.474+0000][76][info ][gc,phases   ] GC(21)   Post Evacuate Collection Set: 10.29ms
[2025-02-08T09:34:34.475+0000][76][info ][gc,phases   ] GC(21)   Other: 0.30ms
[2025-02-08T09:34:34.475+0000][76][trace][gc,age      ] GC(21) Age table:
[2025-02-08T09:34:34.475+0000][76][trace][gc,age      ] GC(21) - age   1:    5264088 bytes,    5264088 total
[2025-02-08T09:34:34.475+0000][76][trace][gc,age      ] GC(21) - age   2:    3814504 bytes,    9078592 total
[2025-02-08T09:34:34.475+0000][76][trace][gc,age      ] GC(21) - age   3:    7437512 bytes,   16516104 total
[2025-02-08T09:34:34.476+0000][76][trace][gc,age      ] GC(21) - age   4:    2928704 bytes,   19444808 total
[2025-02-08T09:34:34.476+0000][76][trace][gc,age      ] GC(21) - age   5:    3974816 bytes,   23419624 total
[2025-02-08T09:34:34.476+0000][76][info ][gc,heap     ] GC(21) Eden regions: 35->0(42)
[2025-02-08T09:34:34.476+0000][76][info ][gc,heap     ] GC(21) Survivor regions: 3->4(5)
[2025-02-08T09:34:34.476+0000][76][info ][gc,heap     ] GC(21) Old regions: 6->6
[2025-02-08T09:34:34.476+0000][76][info ][gc,heap     ] GC(21) Humongous regions: 0->0
[2025-02-08T09:34:34.477+0000][76][info ][gc,metaspace] GC(21) Metaspace: 90128K(92288K)->90128K(92288K) NonClass: 78019K(79296K)->78019K(79296K) Class: 12109K(12992K)->12109K(12992K)
[2025-02-08T09:34:34.477+0000][76][info ][gc          ] GC(21) Pause Young (Normal) (G1 Evacuation Pause) 343M->67M(616M) 22.876ms
[2025-02-08T09:34:34.477+0000][76][info ][gc,cpu      ] GC(21) User=0.05s Sys=0.11s Real=0.02s
[2025-02-08T09:34:34.477+0000][76][info ][safepoint   ] Safepoint "G1CollectForAllocation", Time since last: 1062545986 ns, Reaching safepoint: 88631 ns, At safepoint: 23150349 ns, Total: 23238980 ns
[2025-02-08T09:34:35.272+0000][76][info ][gc,start    ] GC(22) Pause Young (Concurrent Start) (Metadata GC Threshold)
[2025-02-08T09:34:35.272+0000][76][info ][gc,task     ] GC(22) Using 13 workers of 13 for evacuation
[2025-02-08T09:34:35.273+0000][76][debug][gc,age      ] GC(22) Desired survivor size 25165824 bytes, new threshold 15 (max threshold 15)
[2025-02-08T09:34:35.291+0000][76][info ][gc,phases   ] GC(22)   Pre Evacuate Collection Set: 0.53ms
[2025-02-08T09:34:35.291+0000][76][info ][gc,phases   ] GC(22)   Merge Heap Roots: 0.23ms
[2025-02-08T09:34:35.291+0000][76][info ][gc,phases   ] GC(22)   Evacuate Collection Set: 14.56ms
[2025-02-08T09:34:35.291+0000][76][info ][gc,phases   ] GC(22)   Post Evacuate Collection Set: 2.60ms
[2025-02-08T09:34:35.291+0000][76][info ][gc,phases   ] GC(22)   Other: 0.44ms
[2025-02-08T09:34:35.292+0000][76][trace][gc,age      ] GC(22) Age table:
[2025-02-08T09:34:35.292+0000][76][trace][gc,age      ] GC(22) - age   1:    3562576 bytes,    3562576 total
[2025-02-08T09:34:35.292+0000][76][trace][gc,age      ] GC(22) - age   2:    5015480 bytes,    8578056 total
[2025-02-08T09:34:35.292+0000][76][trace][gc,age      ] GC(22) - age   3:    3806376 bytes,   12384432 total
[2025-02-08T09:34:35.292+0000][76][trace][gc,age      ] GC(22) - age   4:    7401344 bytes,   19785776 total
[2025-02-08T09:34:35.292+0000][76][trace][gc,age      ] GC(22) - age   5:    2917776 bytes,   22703552 total
[2025-02-08T09:34:35.292+0000][76][trace][gc,age      ] GC(22) - age   6:    3962864 bytes,   26666416 total
[2025-02-08T09:34:35.292+0000][76][info ][gc,heap     ] GC(22) Eden regions: 12->0(42)
[2025-02-08T09:34:35.292+0000][76][info ][gc,heap     ] GC(22) Survivor regions: 4->4(6)
[2025-02-08T09:34:35.292+0000][76][info ][gc,heap     ] GC(22) Old regions: 6->6
[2025-02-08T09:34:35.293+0000][76][info ][gc,heap     ] GC(22) Humongous regions: 0->0
[2025-02-08T09:34:35.293+0000][76][info ][gc,metaspace] GC(22) Metaspace: 100371K(102528K)->100371K(102528K) NonClass: 86783K(88000K)->86783K(88000K) Class: 13588K(14528K)->13588K(14528K)
[2025-02-08T09:34:35.293+0000][76][info ][gc          ] GC(22) Pause Young (Concurrent Start) (Metadata GC Threshold) 159M->72M(616M) 20.618ms
[2025-02-08T09:34:35.293+0000][76][info ][gc,cpu      ] GC(22) User=0.05s Sys=0.01s Real=0.02s
[2025-02-08T09:34:35.293+0000][76][info ][gc          ] GC(23) Concurrent Mark Cycle
[2025-02-08T09:34:35.293+0000][76][info ][gc,marking  ] GC(23) Concurrent Scan Root Regions
[2025-02-08T09:34:35.293+0000][76][info ][safepoint   ] Safepoint "CollectForMetadataAllocation", Time since last: 795190170 ns, Reaching safepoint: 4325 ns, At safepoint: 20982501 ns, Total: 20986826 ns
[2025-02-08T09:34:35.302+0000][76][info ][gc,marking  ] GC(23) Concurrent Scan Root Regions 8.687ms
[2025-02-08T09:34:35.302+0000][76][info ][gc,marking  ] GC(23) Concurrent Mark
[2025-02-08T09:34:35.303+0000][76][info ][gc,marking  ] GC(23) Concurrent Mark From Roots
[2025-02-08T09:34:35.303+0000][76][info ][gc,task     ] GC(23) Using 3 workers of 3 for marking
[2025-02-08T09:34:35.314+0000][76][info ][gc,marking  ] GC(23) Concurrent Mark From Roots 11.770ms
[2025-02-08T09:34:35.315+0000][76][info ][gc,marking  ] GC(23) Concurrent Preclean
[2025-02-08T09:34:35.315+0000][76][info ][gc,marking  ] GC(23) Concurrent Preclean 0.356ms
[2025-02-08T09:34:35.315+0000][76][info ][gc,start    ] GC(23) Pause Remark
[2025-02-08T09:34:35.321+0000][76][info ][gc          ] GC(23) Pause Remark 80M->80M(512M) 5.365ms
[2025-02-08T09:34:35.321+0000][76][info ][gc,cpu      ] GC(23) User=0.02s Sys=0.00s Real=0.01s
[2025-02-08T09:34:35.321+0000][76][info ][safepoint   ] Safepoint "G1PauseRemark", Time since last: 22187757 ns, Reaching safepoint: 3901 ns, At safepoint: 6051628 ns, Total: 6055529 ns
[2025-02-08T09:34:35.322+0000][76][info ][gc,marking  ] GC(23) Concurrent Mark 19.222ms
[2025-02-08T09:34:35.322+0000][76][info ][gc,marking  ] GC(23) Concurrent Rebuild Remembered Sets and Scrub Regions
[2025-02-08T09:34:35.327+0000][76][info ][gc,marking  ] GC(23) Concurrent Rebuild Remembered Sets and Scrub Regions 4.898ms
[2025-02-08T09:34:35.327+0000][76][info ][gc,start    ] GC(23) Pause Cleanup
[2025-02-08T09:34:35.328+0000][76][info ][gc          ] GC(23) Pause Cleanup 80M->80M(512M) 0.364ms
[2025-02-08T09:34:35.328+0000][76][info ][gc,cpu      ] GC(23) User=0.00s Sys=0.00s Real=0.00s
[2025-02-08T09:34:35.328+0000][76][info ][safepoint   ] Safepoint "G1PauseCleanup", Time since last: 5720719 ns, Reaching safepoint: 97314 ns, At safepoint: 938447 ns, Total: 1035761 ns
[2025-02-08T09:34:35.328+0000][76][info ][gc,marking  ] GC(23) Concurrent Clear Claimed Marks
[2025-02-08T09:34:35.329+0000][76][info ][gc,marking  ] GC(23) Concurrent Clear Claimed Marks 0.549ms
[2025-02-08T09:34:35.329+0000][76][info ][gc,marking  ] GC(23) Concurrent Cleanup for Next Mark
[2025-02-08T09:34:35.330+0000][76][info ][gc,marking  ] GC(23) Concurrent Cleanup for Next Mark 0.633ms
[2025-02-08T09:34:35.330+0000][76][info ][gc          ] GC(23) Concurrent Mark Cycle 37.138ms
[2025-02-08T09:34:37.526+0000][76][info ][gc,start    ] GC(24) Pause Young (Prepare Mixed) (G1 Evacuation Pause)
[2025-02-08T09:34:37.526+0000][76][info ][gc,task     ] GC(24) Using 12 workers of 13 for evacuation
[2025-02-08T09:34:37.526+0000][76][debug][gc,age      ] GC(24) Desired survivor size 20971520 bytes, new threshold 5 (max threshold 15)
[2025-02-08T09:34:37.547+0000][76][info ][gc,phases   ] GC(24)   Pre Evacuate Collection Set: 0.29ms
[2025-02-08T09:34:37.547+0000][76][info ][gc,phases   ] GC(24)   Merge Heap Roots: 0.17ms
[2025-02-08T09:34:37.547+0000][76][info ][gc,phases   ] GC(24)   Evacuate Collection Set: 16.44ms
[2025-02-08T09:34:37.548+0000][76][info ][gc,phases   ] GC(24)   Post Evacuate Collection Set: 3.05ms
[2025-02-08T09:34:37.548+0000][76][info ][gc,phases   ] GC(24)   Other: 0.30ms
[2025-02-08T09:34:37.548+0000][76][trace][gc,age      ] GC(24) Age table:
[2025-02-08T09:34:37.548+0000][76][trace][gc,age      ] GC(24) - age   1:   16826536 bytes,   16826536 total
[2025-02-08T09:34:37.548+0000][76][trace][gc,age      ] GC(24) - age   2:    3358496 bytes,   20185032 total
[2025-02-08T09:34:37.548+0000][76][trace][gc,age      ] GC(24) - age   3:    4988632 bytes,   25173664 total
[2025-02-08T09:34:37.549+0000][76][trace][gc,age      ] GC(24) - age   4:    3792032 bytes,   28965696 total
[2025-02-08T09:34:37.549+0000][76][trace][gc,age      ] GC(24) - age   5:    7202384 bytes,   36168080 total
[2025-02-08T09:34:37.549+0000][76][info ][gc,heap     ] GC(24) Eden regions: 34->0(33)
[2025-02-08T09:34:37.549+0000][76][info ][gc,heap     ] GC(24) Survivor regions: 4->5(5)
[2025-02-08T09:34:37.549+0000][76][info ][gc,heap     ] GC(24) Old regions: 6->7
[2025-02-08T09:34:37.549+0000][76][info ][gc,heap     ] GC(24) Humongous regions: 0->0
[2025-02-08T09:34:37.549+0000][76][info ][gc,metaspace] GC(24) Metaspace: 133050K(137024K)->133050K(137024K) NonClass: 114124K(116288K)->114124K(116288K) Class: 18925K(20736K)->18925K(20736K)
[2025-02-08T09:34:37.549+0000][76][info ][gc          ] GC(24) Pause Young (Prepare Mixed) (G1 Evacuation Pause) 344M->87M(512M) 23.299ms
[2025-02-08T09:34:37.549+0000][76][info ][gc,cpu      ] GC(24) User=0.15s Sys=0.02s Real=0.03s
[2025-02-08T09:34:37.550+0000][76][info ][safepoint   ] Safepoint "G1CollectForAllocation", Time since last: 2197786535 ns, Reaching safepoint: 99921 ns, At safepoint: 23581408 ns, Total: 23681329 ns
[2025-02-08T11:15:55.538+0000][76][info ][gc,start    ] GC(25) Pause Young (Mixed) (G1 Evacuation Pause)
[2025-02-08T11:15:55.543+0000][76][info ][gc,task     ] GC(25) Using 12 workers of 13 for evacuation
[2025-02-08T11:15:55.544+0000][76][debug][gc,age      ] GC(25) Desired survivor size 20971520 bytes, new threshold 3 (max threshold 15)
[2025-02-08T11:15:55.678+0000][76][info ][gc,phases   ] GC(25)   Pre Evacuate Collection Set: 4.24ms
[2025-02-08T11:15:55.679+0000][76][info ][gc,phases   ] GC(25)   Merge Heap Roots: 5.21ms
[2025-02-08T11:15:55.680+0000][76][info ][gc,phases   ] GC(25)   Evacuate Collection Set: 116.30ms
[2025-02-08T11:15:55.680+0000][76][info ][gc,phases   ] GC(25)   Post Evacuate Collection Set: 7.31ms
[2025-02-08T11:15:55.681+0000][76][info ][gc,phases   ] GC(25)   Other: 2.90ms
[2025-02-08T11:15:55.681+0000][76][trace][gc,age      ] GC(25) Age table:
[2025-02-08T11:15:55.682+0000][76][trace][gc,age      ] GC(25) - age   1:   20364280 bytes,   20364280 total
[2025-02-08T11:15:55.682+0000][76][trace][gc,age      ] GC(25) - age   2:   15583504 bytes,   35947784 total
[2025-02-08T11:15:55.683+0000][76][trace][gc,age      ] GC(25) - age   3:    3302032 bytes,   39249816 total
[2025-02-08T11:15:55.683+0000][76][info ][gc,heap     ] GC(25) Eden regions: 33->0(32)
[2025-02-08T11:15:55.683+0000][76][info ][gc,heap     ] GC(25) Survivor regions: 5->5(5)
[2025-02-08T11:15:55.684+0000][76][info ][gc,heap     ] GC(25) Old regions: 7->9
[2025-02-08T11:15:55.684+0000][76][info ][gc,heap     ] GC(25) Humongous regions: 0->0
[2025-02-08T11:15:55.685+0000][76][info ][gc,metaspace] GC(25) Metaspace: 138758K(142912K)->138758K(142912K) NonClass: 119132K(121408K)->119132K(121408K) Class: 19625K(21504K)->19625K(21504K)
[2025-02-08T11:15:55.686+0000][76][info ][gc          ] GC(25) Pause Young (Mixed) (G1 Evacuation Pause) 351M->106M(512M) 147.166ms
[2025-02-08T11:15:55.686+0000][76][info ][gc,cpu      ] GC(25) User=1.22s Sys=0.00s Real=0.15s
[2025-02-08T11:15:55.687+0000][76][info ][safepoint   ] Safepoint "G1CollectForAllocation", Time since last: 6078409022393 ns, Reaching safepoint: 494808 ns, At safepoint: 149608082 ns, Total: 150102890 ns
